  Car.cpp
C:\Users\aliko\5\main\main\Car.h(20,32): error C7525: inline variables require at least '/std:c++17'
C:\Users\aliko\5\main\main\Car.h(20,67): error C2864: 'Car::_generator': a static data member with an in-class initializer must have non-volatile const integral type or be specified as 'inline'
C:\Users\aliko\5\main\main\Car.h(20,67): message : type is 'std::mt19937'
C:\Users\aliko\5\main\main\Car.h(21,52): error C7525: inline variables require at least '/std:c++17'
C:\Users\aliko\5\main\main\Car.h(21,86): error C2864: 'Car::_priceDistribution': a static data member with an in-class initializer must have non-volatile const integral type or be specified as 'inline'
C:\Users\aliko\5\main\main\Car.h(21,86): message : type is 'std::uniform_real_distribution<double>'
C:\Users\aliko\5\main\main\Car.h(22,51): error C7525: inline variables require at least '/std:c++17'
C:\Users\aliko\5\main\main\Car.h(22,79): error C2864: 'Car::_letterDistribution': a static data member with an in-class initializer must have non-volatile const integral type or be specified as 'inline'
C:\Users\aliko\5\main\main\Car.h(22,79): message : type is 'std::uniform_int_distribution<int>'
  main.cpp
C:\Users\aliko\5\main\main\Car.h(20,32): error C7525: inline variables require at least '/std:c++17'
C:\Users\aliko\5\main\main\Car.h(20,67): error C2864: 'Car::_generator': a static data member with an in-class initializer must have non-volatile const integral type or be specified as 'inline'
C:\Users\aliko\5\main\main\Car.h(20,67): message : type is 'std::mt19937'
C:\Users\aliko\5\main\main\Car.h(21,52): error C7525: inline variables require at least '/std:c++17'
C:\Users\aliko\5\main\main\Car.h(21,86): error C2864: 'Car::_priceDistribution': a static data member with an in-class initializer must have non-volatile const integral type or be specified as 'inline'
C:\Users\aliko\5\main\main\Car.h(21,86): message : type is 'std::uniform_real_distribution<double>'
C:\Users\aliko\5\main\main\Car.h(22,51): error C7525: inline variables require at least '/std:c++17'
C:\Users\aliko\5\main\main\Car.h(22,79): error C2864: 'Car::_letterDistribution': a static data member with an in-class initializer must have non-volatile const integral type or be specified as 'inline'
C:\Users\aliko\5\main\main\Car.h(22,79): message : type is 'std::uniform_int_distribution<int>'
  Utility.cpp
C:\Users\aliko\5\main\main\Utility.cpp(1,9): error C2143: syntax error: missing ';' before 'string'
C:\Users\aliko\5\main\main\Utility.cpp(1,9): error C4430: missing type specifier - int assumed. Note: C++ does not support default-int
C:\Users\aliko\5\main\main\Utility.cpp(3,6): error C2039: 'vector': is not a member of 'std'
C:\Users\aliko\5\main\main\predefined C++ types (compiler internal)(339): message : see declaration of 'std'
C:\Users\aliko\5\main\main\Utility.cpp(3,35): error C2143: syntax error: missing ';' before '{'
C:\Users\aliko\5\main\main\Utility.cpp(3,35): error C2447: '{': missing function header (old-style formal list?)
C:\Users\aliko\5\main\main\Utility.cpp(15,6): error C2039: 'vector': is not a member of 'std'
C:\Users\aliko\5\main\main\predefined C++ types (compiler internal)(339): message : see declaration of 'std'
C:\Users\aliko\5\main\main\Utility.cpp(15,12): error C2143: syntax error: missing ';' before '<'
C:\Users\aliko\5\main\main\Utility.cpp(15,12): error C4430: missing type specifier - int assumed. Note: C++ does not support default-int
C:\Users\aliko\5\main\main\Utility.cpp(15,31): error C2143: syntax error: missing ';' before '{'
C:\Users\aliko\5\main\main\Utility.cpp(15,31): error C2447: '{': missing function header (old-style formal list?)
  Generating Code...
